<?xml version="1.0" encoding="UTF-8"?>
<!-- Generated by org.testng.reporters.JUnitXMLReporter -->
<testsuite hostname="sarath" ignored="1" name="Default test" tests="1" failures="0" timestamp="15 Apr 2018 12:35:34 GMT" time="47.308" errors="0">
  <testcase name="test1" time="9.911" classname="com.mindtree.kalinga.Appium.test.test.LoginTest"/>
  <testcase name="temp" time="0.0" classname="com.mindtree.kalinga.Appium.test.test.LoginTest">
    <ignored/>
  </testcase> <!-- temp -->
</testsuite> <!-- Default test -->
