<?xml version="1.0" encoding="UTF-8"?>
<testng-results skipped="0" failed="0" ignored="1" total="2" passed="1">
  <reporter-output>
  </reporter-output>
  <suite name="Default suite" duration-ms="47308" started-at="2018-04-15T12:34:46Z" finished-at="2018-04-15T12:35:34Z">
    <groups>
    </groups>
    <test name="Default test" duration-ms="47308" started-at="2018-04-15T12:34:46Z" finished-at="2018-04-15T12:35:34Z">
      <class name="com.mindtree.kalinga.Appium.test.test.LoginTest">
        <test-method status="PASS" signature="beforeSuit()[pri:0, instance:com.mindtree.kalinga.Appium.test.test.LoginTest@1afd44cb]" name="beforeSuit" is-config="true" duration-ms="174" started-at="2018-04-15T18:04:46Z" finished-at="2018-04-15T18:04:46Z">
          <reporter-output>
          </reporter-output>
        </test-method> <!-- beforeSuit -->
        <test-method status="PASS" signature="beforeClass()[pri:0, instance:com.mindtree.kalinga.Appium.test.test.LoginTest@1afd44cb]" name="beforeClass" is-config="true" duration-ms="33786" started-at="2018-04-15T18:04:46Z" finished-at="2018-04-15T18:05:20Z">
          <reporter-output>
          </reporter-output>
        </test-method> <!-- beforeClass -->
        <test-method status="PASS" signature="bmethod()[pri:0, instance:com.mindtree.kalinga.Appium.test.test.LoginTest@1afd44cb]" name="bmethod" is-config="true" duration-ms="2000" started-at="2018-04-15T18:05:20Z" finished-at="2018-04-15T18:05:22Z">
          <reporter-output>
          </reporter-output>
        </test-method> <!-- bmethod -->
        <test-method status="PASS" signature="test1()[pri:0, instance:com.mindtree.kalinga.Appium.test.test.LoginTest@1afd44cb]" name="test1" duration-ms="9911" started-at="2018-04-15T18:05:22Z" finished-at="2018-04-15T18:05:32Z">
          <reporter-output>
          </reporter-output>
        </test-method> <!-- test1 -->
        <test-method status="PASS" signature="tearDown(org.testng.ITestResult)[pri:0, instance:com.mindtree.kalinga.Appium.test.test.LoginTest@1afd44cb]" name="tearDown" is-config="true" duration-ms="373" started-at="2018-04-15T18:05:32Z" finished-at="2018-04-15T18:05:32Z">
          <params>
            <param index="0">
              <value>
                <![CDATA[[TestResult name=test1 status=SUCCESS method=LoginTest.test1()[pri:0, instance:com.mindtree.kalinga.Appium.test.test.LoginTest@1afd44cb] output={null}]]]>
              </value>
            </param>
          </params>
          <reporter-output>
          </reporter-output>
        </test-method> <!-- tearDown -->
        <test-method status="PASS" signature="aclass()[pri:0, instance:com.mindtree.kalinga.Appium.test.test.LoginTest@1afd44cb]" name="aclass" is-config="true" duration-ms="1188" started-at="2018-04-15T18:05:32Z" finished-at="2018-04-15T18:05:34Z">
          <reporter-output>
          </reporter-output>
        </test-method> <!-- aclass -->
        <test-method status="PASS" signature="aSuit()[pri:0, instance:com.mindtree.kalinga.Appium.test.test.LoginTest@1afd44cb]" name="aSuit" is-config="true" duration-ms="391" started-at="2018-04-15T18:05:34Z" finished-at="2018-04-15T18:05:34Z">
          <reporter-output>
          </reporter-output>
        </test-method> <!-- aSuit -->
      </class> <!-- com.mindtree.kalinga.Appium.test.test.LoginTest -->
    </test> <!-- Default test -->
  </suite> <!-- Default suite -->
</testng-results>
